<?xml version="1.0" encoding="UTF-8"?>
<!-- Generated by org.testng.reporters.JUnitReportReporter -->
<testsuite hostname="DESKTOP-NFKBITM" failures="0" tests="2" name="workingwithseleniumandconcepts.testclasses.DataProviderForShopping" time="101.189" errors="0" timestamp="2025-07-13T18:04:07 IST" skipped="0">
  <testcase classname="workingwithseleniumandconcepts.testclasses.DataProviderForShopping" name="shopping" time="50.157"/>
  <testcase classname="workingwithseleniumandconcepts.testclasses.DataProviderForShopping" name="shopping" time="51.032"/>
</testsuite> <!-- workingwithseleniumandconcepts.testclasses.DataProviderForShopping -->
