<?xml version="1.0" encoding="UTF-8"?>
<!-- Generated by org.testng.reporters.JUnitReportReporter -->
<testsuite hostname="DESKTOP-NFKBITM" failures="0" tests="2" name="workingwithseleniumandconcepts.testclasses.DataProviderUsingJson" time="93.425" errors="0" timestamp="2025-07-17T22:06:41 IST" skipped="0">
  <testcase classname="workingwithseleniumandconcepts.testclasses.DataProviderUsingJson" name="shopping" time="47.490"/>
  <testcase classname="workingwithseleniumandconcepts.testclasses.DataProviderUsingJson" name="shopping" time="45.935"/>
</testsuite> <!-- workingwithseleniumandconcepts.testclasses.DataProviderUsingJson -->
