<?xml version="1.0" encoding="UTF-8"?>
<!-- Generated by org.testng.reporters.JUnitReportReporter -->
<testsuite hostname="DESKTOP-NFKBITM" failures="0" tests="2" name="workingwithseleniumandconcepts.testclasses.TestClassMain" time="63.526" errors="0" timestamp="2025-07-13T18:42:00 IST" skipped="0">
  <testcase classname="workingwithseleniumandconcepts.testclasses.TestClassMain" name="checkMyOrders" time="18.323"/>
  <testcase classname="workingwithseleniumandconcepts.testclasses.TestClassMain" name="shopping" time="45.203"/>
</testsuite> <!-- workingwithseleniumandconcepts.testclasses.TestClassMain -->
