<?xml version="1.0" encoding="UTF-8"?>
<!-- Generated by org.testng.reporters.JUnitReportReporter -->
<testsuite hostname="DESKTOP-NFKBITM" failures="0" tests="6" name="workingwithseleniumandconcepts.testclasses.TestClassMain" time="192.764" errors="0" timestamp="2025-07-17T22:10:02 IST" skipped="0">
  <testcase classname="workingwithseleniumandconcepts.testclasses.TestClassMain" name="checkMyOrders" time="22.361"/>
  <testcase classname="workingwithseleniumandconcepts.testclasses.TestClassMain" name="shopping" time="42.456"/>
  <testcase classname="workingwithseleniumandconcepts.testclasses.TestClassMain" name="shopping" time="45.315"/>
  <testcase classname="workingwithseleniumandconcepts.testclasses.TestClassMain" name="checkMyOrders" time="19.458"/>
  <testcase classname="workingwithseleniumandconcepts.testclasses.TestClassMain" name="checkMyOrders" time="18.381"/>
  <testcase classname="workingwithseleniumandconcepts.testclasses.TestClassMain" name="shopping" time="44.793"/>
</testsuite> <!-- workingwithseleniumandconcepts.testclasses.TestClassMain -->
