<?xml version="1.0" encoding="UTF-8"?>
<!-- Generated by org.testng.reporters.JUnitReportReporter -->
<testsuite hostname="DESKTOP-NFKBITM" failures="0" tests="2" name="workingwithseleniumandconcepts.testclasses.DataProviderUsingJson" time="93.398" errors="0" timestamp="2025-07-17T10:57:30 IST" skipped="0">
  <testcase classname="workingwithseleniumandconcepts.testclasses.DataProviderUsingJson" name="shopping" time="49.304"/>
  <testcase classname="workingwithseleniumandconcepts.testclasses.DataProviderUsingJson" name="shopping" time="44.094"/>
</testsuite> <!-- workingwithseleniumandconcepts.testclasses.DataProviderUsingJson -->
