<?xml version="1.0" encoding="UTF-8"?>
<!-- Generated by org.testng.reporters.JUnitReportReporter -->
<testsuite hostname="DESKTOP-NFKBITM" failures="0" tests="2" name="workingwithseleniumandconcepts.testclasses.DataProviderUsingHashMap" time="99.184" errors="0" timestamp="2025-07-13T20:22:06 IST" skipped="0">
  <testcase classname="workingwithseleniumandconcepts.testclasses.DataProviderUsingHashMap" name="shopping" time="45.059"/>
  <testcase classname="workingwithseleniumandconcepts.testclasses.DataProviderUsingHashMap" name="shopping" time="54.125"/>
</testsuite> <!-- workingwithseleniumandconcepts.testclasses.DataProviderUsingHashMap -->
